<?xml version="1.0" encoding="UTF-8"?>
<!-- Generated by org.testng.reporters.JUnitReportReporter -->
<testsuite skipped="0" hostname="DESKTOP-PFPCE4U" name="VizTest.NewTest" tests="1" failures="0" timestamp="2020-08-04T20:49:24 IST" time="0.093" errors="0">
  <testcase name="checkUrl" time="0.093" classname="VizTest.NewTest"/>
  <system-out/>
</testsuite> <!-- VizTest.NewTest -->
