<?xml version="1.0" encoding="UTF-8"?>
<!-- Generated by org.testng.reporters.JUnitReportReporter -->
<testsuite skipped="0" hostname="DESKTOP-PFPCE4U" name="VizTest.FirstTest" tests="6" failures="0" timestamp="2020-08-08T19:09:08 IST" time="13.841" errors="0">
  <testcase name="checkUrl" time="0.040" classname="VizTest.FirstTest"/>
  <system-out/>
  <testcase name="clickLoginButton" time="5.219" classname="VizTest.FirstTest"/>
  <system-out/>
  <testcase name="clientLogin" time="1.401" classname="VizTest.FirstTest"/>
  <system-out/>
  <testcase name="clickViz" time="0.296" classname="VizTest.FirstTest"/>
  <system-out/>
  <testcase name="profileUser" time="0.787" classname="VizTest.FirstTest"/>
  <system-out/>
  <testcase name="editUser" time="6.098" classname="VizTest.FirstTest"/>
  <system-out/>
</testsuite> <!-- VizTest.FirstTest -->
