<?xml version="1.0" encoding="UTF-8"?>
<!-- Generated by org.testng.reporters.JUnitReportReporter -->
<testsuite skipped="0" hostname="DESKTOP-PFPCE4U" name="VizTest.FirstTest" tests="6" failures="0" timestamp="2020-08-11T00:23:47 IST" time="32.214" errors="0">
  <testcase name="checkUrl" time="0.030" classname="VizTest.FirstTest"/>
  <system-out/>
  <testcase name="clientLogin" time="16.371" classname="VizTest.FirstTest"/>
  <system-out/>
  <testcase name="clickViz" time="0.351" classname="VizTest.FirstTest"/>
  <system-out/>
  <testcase name="userProfile" time="1.729" classname="VizTest.FirstTest"/>
  <system-out/>
  <testcase name="editUser" time="12.855" classname="VizTest.FirstTest"/>
  <system-out/>
  <testcase name="logoutUser" time="0.878" classname="VizTest.FirstTest"/>
  <system-out/>
</testsuite> <!-- VizTest.FirstTest -->
